2014-11-16 23:18:10,082 - [INFO] - from play in main 
datasource [jdbc:h2:file:data/db;DB_CLOSE_DELAY=-1] bound to JNDI as DefaultDS

2014-11-16 23:18:10,586 - [INFO] - from play in main 
database [default] connected at jdbc:h2:file:data/db

2014-11-16 23:18:11,916 - [INFO] - from play in main 
Application started (Prod)

2014-11-16 23:18:12,104 - [INFO] - from play in main 
Listening for HTTP on /0:0:0:0:0:0:0:0:9000

2014-11-16 23:18:32,500 - [ERROR] - from play in play-internal-execution-context-2 
Cannot invoke the action, eventually got an error: java.lang.NullPointerException

2014-11-16 23:18:32,512 - [ERROR] - from application in play-internal-execution-context-2 


! @6k8ak2a4o - Internal server error, for (POST) [/estimator/1] ->

play.api.Application$$anon$1: Execution exception[[NullPointerException: null]]
	at play.api.Application$class.handleError(Application.scala:293) ~[play_2.10-2.2.0.jar:2.2.0]
	at play.api.DefaultApplication.handleError(Application.scala:399) [play_2.10-2.2.0.jar:2.2.0]
	at play.core.server.netty.PlayDefaultUpstreamHandler$$anonfun$2$$anonfun$applyOrElse$3.apply(PlayDefaultUpstreamHandler.scala:261) [play_2.10-2.2.0.jar:2.2.0]
	at play.core.server.netty.PlayDefaultUpstreamHandler$$anonfun$2$$anonfun$applyOrElse$3.apply(PlayDefaultUpstreamHandler.scala:261) [play_2.10-2.2.0.jar:2.2.0]
	at scala.Option.map(Option.scala:145) [scala-library-2.10.2.jar:na]
	at play.core.server.netty.PlayDefaultUpstreamHandler$$anonfun$2.applyOrElse(PlayDefaultUpstreamHandler.scala:261) [play_2.10-2.2.0.jar:2.2.0]
	at play.core.server.netty.PlayDefaultUpstreamHandler$$anonfun$2.applyOrElse(PlayDefaultUpstreamHandler.scala:257) [play_2.10-2.2.0.jar:2.2.0]
	at scala.runtime.AbstractPartialFunction.apply(AbstractPartialFunction.scala:33) [scala-library-2.10.2.jar:na]
	at scala.concurrent.Future$$anonfun$recoverWith$1.apply(Future.scala:411) [scala-library-2.10.2.jar:na]
	at scala.concurrent.Future$$anonfun$recoverWith$1.apply(Future.scala:408) [scala-library-2.10.2.jar:na]
	at scala.concurrent.impl.CallbackRunnable.run(Promise.scala:29) [scala-library-2.10.2.jar:na]
	at play.api.libs.iteratee.Execution$$anon$1.execute(Execution.scala:43) [play-iteratees_2.10-2.2.0.jar:2.2.0]
	at scala.concurrent.impl.CallbackRunnable.executeWithValue(Promise.scala:37) [scala-library-2.10.2.jar:na]
	at scala.concurrent.impl.Promise$DefaultPromise.tryComplete(Promise.scala:133) [scala-library-2.10.2.jar:na]
	at scala.concurrent.Promise$class.complete(Promise.scala:55) [scala-library-2.10.2.jar:na]
	at scala.concurrent.impl.Promise$DefaultPromise.complete(Promise.scala:58) [scala-library-2.10.2.jar:na]
	at scala.concurrent.Future$$anonfun$flatMap$1.apply(Future.scala:274) [scala-library-2.10.2.jar:na]
	at scala.concurrent.Future$$anonfun$flatMap$1.apply(Future.scala:274) [scala-library-2.10.2.jar:na]
	at scala.concurrent.impl.CallbackRunnable.run(Promise.scala:29) [scala-library-2.10.2.jar:na]
	at scala.concurrent.forkjoin.ForkJoinTask$AdaptedRunnableAction.exec(ForkJoinTask.java:1361) [scala-library-2.10.2.jar:na]
	at scala.concurrent.forkjoin.ForkJoinTask.doExec(ForkJoinTask.java:260) [scala-library-2.10.2.jar:na]
	at scala.concurrent.forkjoin.ForkJoinPool$WorkQueue.runTask(ForkJoinPool.java:1339) [scala-library-2.10.2.jar:na]
	at scala.concurrent.forkjoin.ForkJoinPool.runWorker(ForkJoinPool.java:1979) [scala-library-2.10.2.jar:na]
	at scala.concurrent.forkjoin.ForkJoinWorkerThread.run(ForkJoinWorkerThread.java:107) [scala-library-2.10.2.jar:na]
Caused by: java.lang.NullPointerException: null
	at models.AWSClient.connect(AWSClient.java:33) ~[classes/:na]
	at models.AWSClient.upload(AWSClient.java:39) ~[classes/:na]
	at controllers.Application.estimate1(Application.java:50) ~[classes/:na]
	at Routes$$anonfun$routes$1$$anonfun$applyOrElse$9$$anonfun$apply$9.apply(routes_routing.scala:197) ~[classes/:na]
	at Routes$$anonfun$routes$1$$anonfun$applyOrElse$9$$anonfun$apply$9.apply(routes_routing.scala:197) ~[classes/:na]
	at play.core.Router$HandlerInvoker$$anon$7$$anon$2.invocation(Router.scala:183) ~[play_2.10-2.2.0.jar:2.2.0]
	at play.core.Router$Routes$$anon$1.invocation(Router.scala:377) ~[play_2.10-2.2.0.jar:2.2.0]
	at play.core.j.JavaAction$$anon$1.call(JavaAction.scala:56) ~[play_2.10-2.2.0.jar:2.2.0]
	at play.core.j.JavaAction$$anon$3.apply(JavaAction.scala:91) ~[play_2.10-2.2.0.jar:2.2.0]
	at play.core.j.JavaAction$$anon$3.apply(JavaAction.scala:90) ~[play_2.10-2.2.0.jar:2.2.0]
	at play.core.j.FPromiseHelper$$anonfun$flatMap$1.apply(FPromiseHelper.scala:82) ~[play_2.10-2.2.0.jar:2.2.0]
	at play.core.j.FPromiseHelper$$anonfun$flatMap$1.apply(FPromiseHelper.scala:82) ~[play_2.10-2.2.0.jar:2.2.0]
	at scala.concurrent.Future$$anonfun$flatMap$1.apply(Future.scala:278) [scala-library-2.10.2.jar:na]
	at scala.concurrent.Future$$anonfun$flatMap$1.apply(Future.scala:274) [scala-library-2.10.2.jar:na]
	at scala.concurrent.impl.CallbackRunnable.run(Promise.scala:29) [scala-library-2.10.2.jar:na]
	at play.core.j.HttpExecutionContext$$anon$2.run(HttpExecutionContext.scala:37) ~[play_2.10-2.2.0.jar:2.2.0]
	at akka.dispatch.TaskInvocation.run(AbstractDispatcher.scala:42) ~[akka-actor_2.10.jar:2.2.0]
	at akka.dispatch.ForkJoinExecutorConfigurator$AkkaForkJoinTask.exec(AbstractDispatcher.scala:386) ~[akka-actor_2.10.jar:2.2.0]
	... 4 common frames omitted

2014-11-16 23:18:49,093 - [INFO] - from play in main 
datasource [jdbc:h2:file:data/db;DB_CLOSE_DELAY=-1] bound to JNDI as DefaultDS

2014-11-16 23:18:49,507 - [INFO] - from play in main 
database [default] connected at jdbc:h2:file:data/db

2014-11-16 23:18:50,838 - [INFO] - from play in main 
Application started (Prod)

2014-11-16 23:18:50,959 - [INFO] - from play in main 
Listening for HTTP on /0:0:0:0:0:0:0:0:9000

2014-11-16 23:19:32,836 - [ERROR] - from play in play-internal-execution-context-2 
Cannot invoke the action, eventually got an error: java.lang.NullPointerException

2014-11-16 23:19:32,844 - [ERROR] - from application in play-internal-execution-context-2 


! @6k8ak5lbc - Internal server error, for (POST) [/estimator/1] ->

play.api.Application$$anon$1: Execution exception[[NullPointerException: null]]
	at play.api.Application$class.handleError(Application.scala:293) ~[play_2.10-2.2.0.jar:2.2.0]
	at play.api.DefaultApplication.handleError(Application.scala:399) [play_2.10-2.2.0.jar:2.2.0]
	at play.core.server.netty.PlayDefaultUpstreamHandler$$anonfun$2$$anonfun$applyOrElse$3.apply(PlayDefaultUpstreamHandler.scala:261) [play_2.10-2.2.0.jar:2.2.0]
	at play.core.server.netty.PlayDefaultUpstreamHandler$$anonfun$2$$anonfun$applyOrElse$3.apply(PlayDefaultUpstreamHandler.scala:261) [play_2.10-2.2.0.jar:2.2.0]
	at scala.Option.map(Option.scala:145) [scala-library-2.10.2.jar:na]
	at play.core.server.netty.PlayDefaultUpstreamHandler$$anonfun$2.applyOrElse(PlayDefaultUpstreamHandler.scala:261) [play_2.10-2.2.0.jar:2.2.0]
	at play.core.server.netty.PlayDefaultUpstreamHandler$$anonfun$2.applyOrElse(PlayDefaultUpstreamHandler.scala:257) [play_2.10-2.2.0.jar:2.2.0]
	at scala.runtime.AbstractPartialFunction.apply(AbstractPartialFunction.scala:33) [scala-library-2.10.2.jar:na]
	at scala.concurrent.Future$$anonfun$recoverWith$1.apply(Future.scala:411) [scala-library-2.10.2.jar:na]
	at scala.concurrent.Future$$anonfun$recoverWith$1.apply(Future.scala:408) [scala-library-2.10.2.jar:na]
	at scala.concurrent.impl.CallbackRunnable.run(Promise.scala:29) [scala-library-2.10.2.jar:na]
	at play.api.libs.iteratee.Execution$$anon$1.execute(Execution.scala:43) [play-iteratees_2.10-2.2.0.jar:2.2.0]
	at scala.concurrent.impl.CallbackRunnable.executeWithValue(Promise.scala:37) [scala-library-2.10.2.jar:na]
	at scala.concurrent.impl.Promise$DefaultPromise.tryComplete(Promise.scala:133) [scala-library-2.10.2.jar:na]
	at scala.concurrent.Promise$class.complete(Promise.scala:55) [scala-library-2.10.2.jar:na]
	at scala.concurrent.impl.Promise$DefaultPromise.complete(Promise.scala:58) [scala-library-2.10.2.jar:na]
	at scala.concurrent.Future$$anonfun$flatMap$1.apply(Future.scala:274) [scala-library-2.10.2.jar:na]
	at scala.concurrent.Future$$anonfun$flatMap$1.apply(Future.scala:274) [scala-library-2.10.2.jar:na]
	at scala.concurrent.impl.CallbackRunnable.run(Promise.scala:29) [scala-library-2.10.2.jar:na]
	at scala.concurrent.forkjoin.ForkJoinTask$AdaptedRunnableAction.exec(ForkJoinTask.java:1361) [scala-library-2.10.2.jar:na]
	at scala.concurrent.forkjoin.ForkJoinTask.doExec(ForkJoinTask.java:260) [scala-library-2.10.2.jar:na]
	at scala.concurrent.forkjoin.ForkJoinPool$WorkQueue.runTask(ForkJoinPool.java:1339) [scala-library-2.10.2.jar:na]
	at scala.concurrent.forkjoin.ForkJoinPool.runWorker(ForkJoinPool.java:1979) [scala-library-2.10.2.jar:na]
	at scala.concurrent.forkjoin.ForkJoinWorkerThread.run(ForkJoinWorkerThread.java:107) [scala-library-2.10.2.jar:na]
Caused by: java.lang.NullPointerException: null
	at models.AWSClient.connect(AWSClient.java:33) ~[classes/:na]
	at models.AWSClient.upload(AWSClient.java:39) ~[classes/:na]
	at controllers.Application.estimate1(Application.java:50) ~[classes/:na]
	at Routes$$anonfun$routes$1$$anonfun$applyOrElse$9$$anonfun$apply$9.apply(routes_routing.scala:197) ~[classes/:na]
	at Routes$$anonfun$routes$1$$anonfun$applyOrElse$9$$anonfun$apply$9.apply(routes_routing.scala:197) ~[classes/:na]
	at play.core.Router$HandlerInvoker$$anon$7$$anon$2.invocation(Router.scala:183) ~[play_2.10-2.2.0.jar:2.2.0]
	at play.core.Router$Routes$$anon$1.invocation(Router.scala:377) ~[play_2.10-2.2.0.jar:2.2.0]
	at play.core.j.JavaAction$$anon$1.call(JavaAction.scala:56) ~[play_2.10-2.2.0.jar:2.2.0]
	at play.core.j.JavaAction$$anon$3.apply(JavaAction.scala:91) ~[play_2.10-2.2.0.jar:2.2.0]
	at play.core.j.JavaAction$$anon$3.apply(JavaAction.scala:90) ~[play_2.10-2.2.0.jar:2.2.0]
	at play.core.j.FPromiseHelper$$anonfun$flatMap$1.apply(FPromiseHelper.scala:82) ~[play_2.10-2.2.0.jar:2.2.0]
	at play.core.j.FPromiseHelper$$anonfun$flatMap$1.apply(FPromiseHelper.scala:82) ~[play_2.10-2.2.0.jar:2.2.0]
	at scala.concurrent.Future$$anonfun$flatMap$1.apply(Future.scala:278) [scala-library-2.10.2.jar:na]
	at scala.concurrent.Future$$anonfun$flatMap$1.apply(Future.scala:274) [scala-library-2.10.2.jar:na]
	at scala.concurrent.impl.CallbackRunnable.run(Promise.scala:29) [scala-library-2.10.2.jar:na]
	at play.core.j.HttpExecutionContext$$anon$2.run(HttpExecutionContext.scala:37) ~[play_2.10-2.2.0.jar:2.2.0]
	at akka.dispatch.TaskInvocation.run(AbstractDispatcher.scala:42) ~[akka-actor_2.10.jar:2.2.0]
	at akka.dispatch.ForkJoinExecutorConfigurator$AkkaForkJoinTask.exec(AbstractDispatcher.scala:386) ~[akka-actor_2.10.jar:2.2.0]
	... 4 common frames omitted

2014-11-16 23:19:43,624 - [ERROR] - from play in play-internal-execution-context-5 
Cannot invoke the action, eventually got an error: java.lang.NullPointerException

2014-11-16 23:19:43,626 - [ERROR] - from application in play-internal-execution-context-5 


! @6k8ak6ba9 - Internal server error, for (POST) [/estimator/1] ->

play.api.Application$$anon$1: Execution exception[[NullPointerException: null]]
	at play.api.Application$class.handleError(Application.scala:293) ~[play_2.10-2.2.0.jar:2.2.0]
	at play.api.DefaultApplication.handleError(Application.scala:399) [play_2.10-2.2.0.jar:2.2.0]
	at play.core.server.netty.PlayDefaultUpstreamHandler$$anonfun$2$$anonfun$applyOrElse$3.apply(PlayDefaultUpstreamHandler.scala:261) [play_2.10-2.2.0.jar:2.2.0]
	at play.core.server.netty.PlayDefaultUpstreamHandler$$anonfun$2$$anonfun$applyOrElse$3.apply(PlayDefaultUpstreamHandler.scala:261) [play_2.10-2.2.0.jar:2.2.0]
	at scala.Option.map(Option.scala:145) [scala-library-2.10.2.jar:na]
	at play.core.server.netty.PlayDefaultUpstreamHandler$$anonfun$2.applyOrElse(PlayDefaultUpstreamHandler.scala:261) [play_2.10-2.2.0.jar:2.2.0]
	at play.core.server.netty.PlayDefaultUpstreamHandler$$anonfun$2.applyOrElse(PlayDefaultUpstreamHandler.scala:257) [play_2.10-2.2.0.jar:2.2.0]
	at scala.runtime.AbstractPartialFunction.apply(AbstractPartialFunction.scala:33) [scala-library-2.10.2.jar:na]
	at scala.concurrent.Future$$anonfun$recoverWith$1.apply(Future.scala:411) [scala-library-2.10.2.jar:na]
	at scala.concurrent.Future$$anonfun$recoverWith$1.apply(Future.scala:408) [scala-library-2.10.2.jar:na]
	at scala.concurrent.impl.CallbackRunnable.run(Promise.scala:29) [scala-library-2.10.2.jar:na]
	at play.api.libs.iteratee.Execution$$anon$1.execute(Execution.scala:43) [play-iteratees_2.10-2.2.0.jar:2.2.0]
	at scala.concurrent.impl.CallbackRunnable.executeWithValue(Promise.scala:37) [scala-library-2.10.2.jar:na]
	at scala.concurrent.impl.Promise$DefaultPromise.tryComplete(Promise.scala:133) [scala-library-2.10.2.jar:na]
	at scala.concurrent.Promise$class.complete(Promise.scala:55) [scala-library-2.10.2.jar:na]
	at scala.concurrent.impl.Promise$DefaultPromise.complete(Promise.scala:58) [scala-library-2.10.2.jar:na]
	at scala.concurrent.Future$$anonfun$flatMap$1.apply(Future.scala:274) [scala-library-2.10.2.jar:na]
	at scala.concurrent.Future$$anonfun$flatMap$1.apply(Future.scala:274) [scala-library-2.10.2.jar:na]
	at scala.concurrent.impl.CallbackRunnable.run(Promise.scala:29) [scala-library-2.10.2.jar:na]
	at scala.concurrent.forkjoin.ForkJoinTask$AdaptedRunnableAction.exec(ForkJoinTask.java:1361) [scala-library-2.10.2.jar:na]
	at scala.concurrent.forkjoin.ForkJoinTask.doExec(ForkJoinTask.java:260) [scala-library-2.10.2.jar:na]
	at scala.concurrent.forkjoin.ForkJoinPool$WorkQueue.runTask(ForkJoinPool.java:1339) [scala-library-2.10.2.jar:na]
	at scala.concurrent.forkjoin.ForkJoinPool.runWorker(ForkJoinPool.java:1979) [scala-library-2.10.2.jar:na]
	at scala.concurrent.forkjoin.ForkJoinWorkerThread.run(ForkJoinWorkerThread.java:107) [scala-library-2.10.2.jar:na]
Caused by: java.lang.NullPointerException: null
	at models.AWSClient.connect(AWSClient.java:33) ~[classes/:na]
	at models.AWSClient.upload(AWSClient.java:39) ~[classes/:na]
	at controllers.Application.estimate1(Application.java:50) ~[classes/:na]
	at Routes$$anonfun$routes$1$$anonfun$applyOrElse$9$$anonfun$apply$9.apply(routes_routing.scala:197) ~[classes/:na]
	at Routes$$anonfun$routes$1$$anonfun$applyOrElse$9$$anonfun$apply$9.apply(routes_routing.scala:197) ~[classes/:na]
	at play.core.Router$HandlerInvoker$$anon$7$$anon$2.invocation(Router.scala:183) ~[play_2.10-2.2.0.jar:2.2.0]
	at play.core.Router$Routes$$anon$1.invocation(Router.scala:377) ~[play_2.10-2.2.0.jar:2.2.0]
	at play.core.j.JavaAction$$anon$1.call(JavaAction.scala:56) ~[play_2.10-2.2.0.jar:2.2.0]
	at play.core.j.JavaAction$$anon$3.apply(JavaAction.scala:91) ~[play_2.10-2.2.0.jar:2.2.0]
	at play.core.j.JavaAction$$anon$3.apply(JavaAction.scala:90) ~[play_2.10-2.2.0.jar:2.2.0]
	at play.core.j.FPromiseHelper$$anonfun$flatMap$1.apply(FPromiseHelper.scala:82) ~[play_2.10-2.2.0.jar:2.2.0]
	at play.core.j.FPromiseHelper$$anonfun$flatMap$1.apply(FPromiseHelper.scala:82) ~[play_2.10-2.2.0.jar:2.2.0]
	at scala.concurrent.Future$$anonfun$flatMap$1.apply(Future.scala:278) [scala-library-2.10.2.jar:na]
	at scala.concurrent.Future$$anonfun$flatMap$1.apply(Future.scala:274) [scala-library-2.10.2.jar:na]
	at scala.concurrent.impl.CallbackRunnable.run(Promise.scala:29) [scala-library-2.10.2.jar:na]
	at play.core.j.HttpExecutionContext$$anon$2.run(HttpExecutionContext.scala:37) ~[play_2.10-2.2.0.jar:2.2.0]
	at akka.dispatch.TaskInvocation.run(AbstractDispatcher.scala:42) ~[akka-actor_2.10.jar:2.2.0]
	at akka.dispatch.ForkJoinExecutorConfigurator$AkkaForkJoinTask.exec(AbstractDispatcher.scala:386) ~[akka-actor_2.10.jar:2.2.0]
	... 4 common frames omitted

2014-11-16 23:20:02,658 - [INFO] - from play in main 
datasource [jdbc:h2:file:data/db;DB_CLOSE_DELAY=-1] bound to JNDI as DefaultDS

2014-11-16 23:20:03,123 - [INFO] - from play in main 
database [default] connected at jdbc:h2:file:data/db

2014-11-16 23:20:04,501 - [INFO] - from play in main 
Application started (Prod)

2014-11-16 23:20:04,660 - [INFO] - from play in main 
Listening for HTTP on /0:0:0:0:0:0:0:0:9000

2014-11-16 23:26:44,015 - [INFO] - from play in main 
datasource [jdbc:h2:file:data/db;DB_CLOSE_DELAY=-1] bound to JNDI as DefaultDS

2014-11-16 23:26:44,482 - [INFO] - from play in main 
database [default] connected at jdbc:h2:file:data/db

2014-11-16 23:26:47,840 - [INFO] - from play in main 
Application started (Prod)

2014-11-16 23:26:47,972 - [INFO] - from play in main 
Listening for HTTP on /0:0:0:0:0:0:0:0:9000

2014-11-16 23:27:07,676 - [ERROR] - from play in play-internal-execution-context-1 
Cannot invoke the action, eventually got an error: java.lang.NullPointerException

2014-11-16 23:27:07,684 - [ERROR] - from application in play-internal-execution-context-1 


! @6k8al5i78 - Internal server error, for (POST) [/estimator/1] ->

play.api.Application$$anon$1: Execution exception[[NullPointerException: null]]
	at play.api.Application$class.handleError(Application.scala:293) ~[play_2.10-2.2.0.jar:2.2.0]
	at play.api.DefaultApplication.handleError(Application.scala:399) [play_2.10-2.2.0.jar:2.2.0]
	at play.core.server.netty.PlayDefaultUpstreamHandler$$anonfun$2$$anonfun$applyOrElse$3.apply(PlayDefaultUpstreamHandler.scala:261) [play_2.10-2.2.0.jar:2.2.0]
	at play.core.server.netty.PlayDefaultUpstreamHandler$$anonfun$2$$anonfun$applyOrElse$3.apply(PlayDefaultUpstreamHandler.scala:261) [play_2.10-2.2.0.jar:2.2.0]
	at scala.Option.map(Option.scala:145) [scala-library-2.10.2.jar:na]
	at play.core.server.netty.PlayDefaultUpstreamHandler$$anonfun$2.applyOrElse(PlayDefaultUpstreamHandler.scala:261) [play_2.10-2.2.0.jar:2.2.0]
	at play.core.server.netty.PlayDefaultUpstreamHandler$$anonfun$2.applyOrElse(PlayDefaultUpstreamHandler.scala:257) [play_2.10-2.2.0.jar:2.2.0]
	at scala.runtime.AbstractPartialFunction.apply(AbstractPartialFunction.scala:33) [scala-library-2.10.2.jar:na]
	at scala.concurrent.Future$$anonfun$recoverWith$1.apply(Future.scala:411) [scala-library-2.10.2.jar:na]
	at scala.concurrent.Future$$anonfun$recoverWith$1.apply(Future.scala:408) [scala-library-2.10.2.jar:na]
	at scala.concurrent.impl.CallbackRunnable.run(Promise.scala:29) [scala-library-2.10.2.jar:na]
	at play.api.libs.iteratee.Execution$$anon$1.execute(Execution.scala:43) [play-iteratees_2.10-2.2.0.jar:2.2.0]
	at scala.concurrent.impl.CallbackRunnable.executeWithValue(Promise.scala:37) [scala-library-2.10.2.jar:na]
	at scala.concurrent.impl.Promise$DefaultPromise.tryComplete(Promise.scala:133) [scala-library-2.10.2.jar:na]
	at scala.concurrent.Promise$class.complete(Promise.scala:55) [scala-library-2.10.2.jar:na]
	at scala.concurrent.impl.Promise$DefaultPromise.complete(Promise.scala:58) [scala-library-2.10.2.jar:na]
	at scala.concurrent.Future$$anonfun$flatMap$1.apply(Future.scala:274) [scala-library-2.10.2.jar:na]
	at scala.concurrent.Future$$anonfun$flatMap$1.apply(Future.scala:274) [scala-library-2.10.2.jar:na]
	at scala.concurrent.impl.CallbackRunnable.run(Promise.scala:29) [scala-library-2.10.2.jar:na]
	at scala.concurrent.forkjoin.ForkJoinTask$AdaptedRunnableAction.exec(ForkJoinTask.java:1361) [scala-library-2.10.2.jar:na]
	at scala.concurrent.forkjoin.ForkJoinTask.doExec(ForkJoinTask.java:260) [scala-library-2.10.2.jar:na]
	at scala.concurrent.forkjoin.ForkJoinPool$WorkQueue.runTask(ForkJoinPool.java:1339) [scala-library-2.10.2.jar:na]
	at scala.concurrent.forkjoin.ForkJoinPool.runWorker(ForkJoinPool.java:1979) [scala-library-2.10.2.jar:na]
	at scala.concurrent.forkjoin.ForkJoinWorkerThread.run(ForkJoinWorkerThread.java:107) [scala-library-2.10.2.jar:na]
Caused by: java.lang.NullPointerException: null
	at models.AWSClient.connect(AWSClient.java:33) ~[classes/:na]
	at models.AWSClient.upload(AWSClient.java:39) ~[classes/:na]
	at controllers.Application.estimate1(Application.java:50) ~[classes/:na]
	at Routes$$anonfun$routes$1$$anonfun$applyOrElse$9$$anonfun$apply$9.apply(routes_routing.scala:197) ~[classes/:na]
	at Routes$$anonfun$routes$1$$anonfun$applyOrElse$9$$anonfun$apply$9.apply(routes_routing.scala:197) ~[classes/:na]
	at play.core.Router$HandlerInvoker$$anon$7$$anon$2.invocation(Router.scala:183) ~[play_2.10-2.2.0.jar:2.2.0]
	at play.core.Router$Routes$$anon$1.invocation(Router.scala:377) ~[play_2.10-2.2.0.jar:2.2.0]
	at play.core.j.JavaAction$$anon$1.call(JavaAction.scala:56) ~[play_2.10-2.2.0.jar:2.2.0]
	at play.core.j.JavaAction$$anon$3.apply(JavaAction.scala:91) ~[play_2.10-2.2.0.jar:2.2.0]
	at play.core.j.JavaAction$$anon$3.apply(JavaAction.scala:90) ~[play_2.10-2.2.0.jar:2.2.0]
	at play.core.j.FPromiseHelper$$anonfun$flatMap$1.apply(FPromiseHelper.scala:82) ~[play_2.10-2.2.0.jar:2.2.0]
	at play.core.j.FPromiseHelper$$anonfun$flatMap$1.apply(FPromiseHelper.scala:82) ~[play_2.10-2.2.0.jar:2.2.0]
	at scala.concurrent.Future$$anonfun$flatMap$1.apply(Future.scala:278) [scala-library-2.10.2.jar:na]
	at scala.concurrent.Future$$anonfun$flatMap$1.apply(Future.scala:274) [scala-library-2.10.2.jar:na]
	at scala.concurrent.impl.CallbackRunnable.run(Promise.scala:29) [scala-library-2.10.2.jar:na]
	at play.core.j.HttpExecutionContext$$anon$2.run(HttpExecutionContext.scala:37) ~[play_2.10-2.2.0.jar:2.2.0]
	at akka.dispatch.TaskInvocation.run(AbstractDispatcher.scala:42) ~[akka-actor_2.10.jar:2.2.0]
	at akka.dispatch.ForkJoinExecutorConfigurator$AkkaForkJoinTask.exec(AbstractDispatcher.scala:386) ~[akka-actor_2.10.jar:2.2.0]
	... 4 common frames omitted

2014-11-16 23:42:13,697 - [INFO] - from play in main 
datasource [jdbc:h2:file:data/db;DB_CLOSE_DELAY=-1] bound to JNDI as DefaultDS

2014-11-16 23:42:14,101 - [INFO] - from play in main 
database [default] connected at jdbc:h2:file:data/db

2014-11-16 23:42:15,517 - [INFO] - from play in main 
Application started (Prod)

2014-11-16 23:42:15,628 - [INFO] - from play in main 
Listening for HTTP on /0:0:0:0:0:0:0:0:9000

2014-11-16 23:42:53,234 - [ERROR] - from play in play-internal-execution-context-3 
Cannot invoke the action, eventually got an error: java.lang.NullPointerException

2014-11-16 23:42:53,242 - [ERROR] - from application in play-internal-execution-context-3 


! @6k8an7d10 - Internal server error, for (POST) [/estimator/1] ->

play.api.Application$$anon$1: Execution exception[[NullPointerException: null]]
	at play.api.Application$class.handleError(Application.scala:293) ~[play_2.10-2.2.0.jar:2.2.0]
	at play.api.DefaultApplication.handleError(Application.scala:399) [play_2.10-2.2.0.jar:2.2.0]
	at play.core.server.netty.PlayDefaultUpstreamHandler$$anonfun$2$$anonfun$applyOrElse$3.apply(PlayDefaultUpstreamHandler.scala:261) [play_2.10-2.2.0.jar:2.2.0]
	at play.core.server.netty.PlayDefaultUpstreamHandler$$anonfun$2$$anonfun$applyOrElse$3.apply(PlayDefaultUpstreamHandler.scala:261) [play_2.10-2.2.0.jar:2.2.0]
	at scala.Option.map(Option.scala:145) [scala-library-2.10.2.jar:na]
	at play.core.server.netty.PlayDefaultUpstreamHandler$$anonfun$2.applyOrElse(PlayDefaultUpstreamHandler.scala:261) [play_2.10-2.2.0.jar:2.2.0]
	at play.core.server.netty.PlayDefaultUpstreamHandler$$anonfun$2.applyOrElse(PlayDefaultUpstreamHandler.scala:257) [play_2.10-2.2.0.jar:2.2.0]
	at scala.runtime.AbstractPartialFunction.apply(AbstractPartialFunction.scala:33) [scala-library-2.10.2.jar:na]
	at scala.concurrent.Future$$anonfun$recoverWith$1.apply(Future.scala:411) [scala-library-2.10.2.jar:na]
	at scala.concurrent.Future$$anonfun$recoverWith$1.apply(Future.scala:408) [scala-library-2.10.2.jar:na]
	at scala.concurrent.impl.CallbackRunnable.run(Promise.scala:29) [scala-library-2.10.2.jar:na]
	at play.api.libs.iteratee.Execution$$anon$1.execute(Execution.scala:43) [play-iteratees_2.10-2.2.0.jar:2.2.0]
	at scala.concurrent.impl.CallbackRunnable.executeWithValue(Promise.scala:37) [scala-library-2.10.2.jar:na]
	at scala.concurrent.impl.Promise$DefaultPromise.tryComplete(Promise.scala:133) [scala-library-2.10.2.jar:na]
	at scala.concurrent.Promise$class.complete(Promise.scala:55) [scala-library-2.10.2.jar:na]
	at scala.concurrent.impl.Promise$DefaultPromise.complete(Promise.scala:58) [scala-library-2.10.2.jar:na]
	at scala.concurrent.Future$$anonfun$flatMap$1.apply(Future.scala:274) [scala-library-2.10.2.jar:na]
	at scala.concurrent.Future$$anonfun$flatMap$1.apply(Future.scala:274) [scala-library-2.10.2.jar:na]
	at scala.concurrent.impl.CallbackRunnable.run(Promise.scala:29) [scala-library-2.10.2.jar:na]
	at scala.concurrent.forkjoin.ForkJoinTask$AdaptedRunnableAction.exec(ForkJoinTask.java:1361) [scala-library-2.10.2.jar:na]
	at scala.concurrent.forkjoin.ForkJoinTask.doExec(ForkJoinTask.java:260) [scala-library-2.10.2.jar:na]
	at scala.concurrent.forkjoin.ForkJoinPool$WorkQueue.runTask(ForkJoinPool.java:1339) [scala-library-2.10.2.jar:na]
	at scala.concurrent.forkjoin.ForkJoinPool.runWorker(ForkJoinPool.java:1979) [scala-library-2.10.2.jar:na]
	at scala.concurrent.forkjoin.ForkJoinWorkerThread.run(ForkJoinWorkerThread.java:107) [scala-library-2.10.2.jar:na]
Caused by: java.lang.NullPointerException: null
	at models.AWSClient.connect(AWSClient.java:33) ~[classes/:na]
	at models.AWSClient.upload(AWSClient.java:39) ~[classes/:na]
	at controllers.Application.estimate1(Application.java:50) ~[classes/:na]
	at Routes$$anonfun$routes$1$$anonfun$applyOrElse$9$$anonfun$apply$9.apply(routes_routing.scala:197) ~[classes/:na]
	at Routes$$anonfun$routes$1$$anonfun$applyOrElse$9$$anonfun$apply$9.apply(routes_routing.scala:197) ~[classes/:na]
	at play.core.Router$HandlerInvoker$$anon$7$$anon$2.invocation(Router.scala:183) ~[play_2.10-2.2.0.jar:2.2.0]
	at play.core.Router$Routes$$anon$1.invocation(Router.scala:377) ~[play_2.10-2.2.0.jar:2.2.0]
	at play.core.j.JavaAction$$anon$1.call(JavaAction.scala:56) ~[play_2.10-2.2.0.jar:2.2.0]
	at play.core.j.JavaAction$$anon$3.apply(JavaAction.scala:91) ~[play_2.10-2.2.0.jar:2.2.0]
	at play.core.j.JavaAction$$anon$3.apply(JavaAction.scala:90) ~[play_2.10-2.2.0.jar:2.2.0]
	at play.core.j.FPromiseHelper$$anonfun$flatMap$1.apply(FPromiseHelper.scala:82) ~[play_2.10-2.2.0.jar:2.2.0]
	at play.core.j.FPromiseHelper$$anonfun$flatMap$1.apply(FPromiseHelper.scala:82) ~[play_2.10-2.2.0.jar:2.2.0]
	at scala.concurrent.Future$$anonfun$flatMap$1.apply(Future.scala:278) [scala-library-2.10.2.jar:na]
	at scala.concurrent.Future$$anonfun$flatMap$1.apply(Future.scala:274) [scala-library-2.10.2.jar:na]
	at scala.concurrent.impl.CallbackRunnable.run(Promise.scala:29) [scala-library-2.10.2.jar:na]
	at play.core.j.HttpExecutionContext$$anon$2.run(HttpExecutionContext.scala:37) ~[play_2.10-2.2.0.jar:2.2.0]
	at akka.dispatch.TaskInvocation.run(AbstractDispatcher.scala:42) ~[akka-actor_2.10.jar:2.2.0]
	at akka.dispatch.ForkJoinExecutorConfigurator$AkkaForkJoinTask.exec(AbstractDispatcher.scala:386) ~[akka-actor_2.10.jar:2.2.0]
	... 4 common frames omitted

2014-11-16 23:43:34,137 - [INFO] - from play in main 
datasource [jdbc:h2:file:data/db;DB_CLOSE_DELAY=-1] bound to JNDI as DefaultDS

2014-11-16 23:43:34,482 - [INFO] - from play in main 
database [default] connected at jdbc:h2:file:data/db

2014-11-16 23:43:35,552 - [INFO] - from play in main 
Application started (Prod)

2014-11-16 23:43:35,652 - [INFO] - from play in main 
Listening for HTTP on /0:0:0:0:0:0:0:0:9006

2014-11-16 23:43:57,644 - [ERROR] - from play in play-internal-execution-context-1 
Cannot invoke the action, eventually got an error: java.lang.IllegalStateException: No value

2014-11-16 23:43:57,654 - [ERROR] - from application in play-internal-execution-context-1 


! @6k8anb488 - Internal server error, for (POST) [/login] ->

play.api.Application$$anon$1: Execution exception[[IllegalStateException: No value]]
	at play.api.Application$class.handleError(Application.scala:293) ~[play_2.10-2.2.0.jar:2.2.0]
	at play.api.DefaultApplication.handleError(Application.scala:399) [play_2.10-2.2.0.jar:2.2.0]
	at play.core.server.netty.PlayDefaultUpstreamHandler$$anonfun$2$$anonfun$applyOrElse$3.apply(PlayDefaultUpstreamHandler.scala:261) [play_2.10-2.2.0.jar:2.2.0]
	at play.core.server.netty.PlayDefaultUpstreamHandler$$anonfun$2$$anonfun$applyOrElse$3.apply(PlayDefaultUpstreamHandler.scala:261) [play_2.10-2.2.0.jar:2.2.0]
	at scala.Option.map(Option.scala:145) [scala-library-2.10.2.jar:na]
	at play.core.server.netty.PlayDefaultUpstreamHandler$$anonfun$2.applyOrElse(PlayDefaultUpstreamHandler.scala:261) [play_2.10-2.2.0.jar:2.2.0]
	at play.core.server.netty.PlayDefaultUpstreamHandler$$anonfun$2.applyOrElse(PlayDefaultUpstreamHandler.scala:257) [play_2.10-2.2.0.jar:2.2.0]
	at scala.runtime.AbstractPartialFunction.apply(AbstractPartialFunction.scala:33) [scala-library-2.10.2.jar:na]
	at scala.concurrent.Future$$anonfun$recoverWith$1.apply(Future.scala:411) [scala-library-2.10.2.jar:na]
	at scala.concurrent.Future$$anonfun$recoverWith$1.apply(Future.scala:408) [scala-library-2.10.2.jar:na]
	at scala.concurrent.impl.CallbackRunnable.run(Promise.scala:29) [scala-library-2.10.2.jar:na]
	at play.api.libs.iteratee.Execution$$anon$1.execute(Execution.scala:43) [play-iteratees_2.10-2.2.0.jar:2.2.0]
	at scala.concurrent.impl.CallbackRunnable.executeWithValue(Promise.scala:37) [scala-library-2.10.2.jar:na]
	at scala.concurrent.impl.Promise$DefaultPromise.tryComplete(Promise.scala:133) [scala-library-2.10.2.jar:na]
	at scala.concurrent.Promise$class.complete(Promise.scala:55) [scala-library-2.10.2.jar:na]
	at scala.concurrent.impl.Promise$DefaultPromise.complete(Promise.scala:58) [scala-library-2.10.2.jar:na]
	at scala.concurrent.Future$$anonfun$map$1.apply(Future.scala:254) [scala-library-2.10.2.jar:na]
	at scala.concurrent.Future$$anonfun$map$1.apply(Future.scala:249) [scala-library-2.10.2.jar:na]
	at scala.concurrent.impl.CallbackRunnable.run(Promise.scala:29) [scala-library-2.10.2.jar:na]
	at scala.concurrent.forkjoin.ForkJoinTask$AdaptedRunnableAction.exec(ForkJoinTask.java:1361) [scala-library-2.10.2.jar:na]
	at scala.concurrent.forkjoin.ForkJoinTask.doExec(ForkJoinTask.java:260) [scala-library-2.10.2.jar:na]
	at scala.concurrent.forkjoin.ForkJoinPool$WorkQueue.runTask(ForkJoinPool.java:1339) [scala-library-2.10.2.jar:na]
	at scala.concurrent.forkjoin.ForkJoinPool.runWorker(ForkJoinPool.java:1979) [scala-library-2.10.2.jar:na]
	at scala.concurrent.forkjoin.ForkJoinWorkerThread.run(ForkJoinWorkerThread.java:107) [scala-library-2.10.2.jar:na]
Caused by: java.lang.IllegalStateException: No value
	at play.libs.F$None.get(F.java:703) ~[play_2.10-2.2.0.jar:2.2.0]
	at play.data.Form.get(Form.java:539) ~[play-java_2.10-2.2.0.jar:2.2.0]
	at controllers.Application.authenticate(Application.java:116) ~[classes/:na]
	at Routes$$anonfun$routes$1$$anonfun$applyOrElse$3$$anonfun$apply$3.apply(routes_routing.scala:149) ~[classes/:na]
	at Routes$$anonfun$routes$1$$anonfun$applyOrElse$3$$anonfun$apply$3.apply(routes_routing.scala:149) ~[classes/:na]
	at play.core.Router$HandlerInvoker$$anon$7$$anon$2.invocation(Router.scala:183) ~[play_2.10-2.2.0.jar:2.2.0]
	at play.core.Router$Routes$$anon$1.invocation(Router.scala:377) ~[play_2.10-2.2.0.jar:2.2.0]
	at play.core.j.JavaAction$$anon$1.call(JavaAction.scala:56) ~[play_2.10-2.2.0.jar:2.2.0]
	at play.core.j.JavaAction$$anon$3.apply(JavaAction.scala:91) ~[play_2.10-2.2.0.jar:2.2.0]
	at play.core.j.JavaAction$$anon$3.apply(JavaAction.scala:90) ~[play_2.10-2.2.0.jar:2.2.0]
	at play.core.j.FPromiseHelper$$anonfun$flatMap$1.apply(FPromiseHelper.scala:82) ~[play_2.10-2.2.0.jar:2.2.0]
	at play.core.j.FPromiseHelper$$anonfun$flatMap$1.apply(FPromiseHelper.scala:82) ~[play_2.10-2.2.0.jar:2.2.0]
	at scala.concurrent.Future$$anonfun$flatMap$1.apply(Future.scala:278) ~[scala-library-2.10.2.jar:na]
	at scala.concurrent.Future$$anonfun$flatMap$1.apply(Future.scala:274) ~[scala-library-2.10.2.jar:na]
	at scala.concurrent.impl.CallbackRunnable.run(Promise.scala:29) [scala-library-2.10.2.jar:na]
	at play.core.j.HttpExecutionContext$$anon$2.run(HttpExecutionContext.scala:37) ~[play_2.10-2.2.0.jar:2.2.0]
	at akka.dispatch.TaskInvocation.run(AbstractDispatcher.scala:42) ~[akka-actor_2.10.jar:2.2.0]
	at akka.dispatch.ForkJoinExecutorConfigurator$AkkaForkJoinTask.exec(AbstractDispatcher.scala:386) ~[akka-actor_2.10.jar:2.2.0]
	... 4 common frames omitted

2014-11-16 23:44:27,201 - [ERROR] - from play in play-internal-execution-context-1 
Cannot invoke the action, eventually got an error: java.lang.IllegalStateException: No value

2014-11-16 23:44:27,202 - [ERROR] - from application in play-internal-execution-context-1 


! @6k8ancm10 - Internal server error, for (POST) [/login] ->

play.api.Application$$anon$1: Execution exception[[IllegalStateException: No value]]
	at play.api.Application$class.handleError(Application.scala:293) ~[play_2.10-2.2.0.jar:2.2.0]
	at play.api.DefaultApplication.handleError(Application.scala:399) [play_2.10-2.2.0.jar:2.2.0]
	at play.core.server.netty.PlayDefaultUpstreamHandler$$anonfun$2$$anonfun$applyOrElse$3.apply(PlayDefaultUpstreamHandler.scala:261) [play_2.10-2.2.0.jar:2.2.0]
	at play.core.server.netty.PlayDefaultUpstreamHandler$$anonfun$2$$anonfun$applyOrElse$3.apply(PlayDefaultUpstreamHandler.scala:261) [play_2.10-2.2.0.jar:2.2.0]
	at scala.Option.map(Option.scala:145) [scala-library-2.10.2.jar:na]
	at play.core.server.netty.PlayDefaultUpstreamHandler$$anonfun$2.applyOrElse(PlayDefaultUpstreamHandler.scala:261) [play_2.10-2.2.0.jar:2.2.0]
	at play.core.server.netty.PlayDefaultUpstreamHandler$$anonfun$2.applyOrElse(PlayDefaultUpstreamHandler.scala:257) [play_2.10-2.2.0.jar:2.2.0]
	at scala.runtime.AbstractPartialFunction.apply(AbstractPartialFunction.scala:33) [scala-library-2.10.2.jar:na]
	at scala.concurrent.Future$$anonfun$recoverWith$1.apply(Future.scala:411) [scala-library-2.10.2.jar:na]
	at scala.concurrent.Future$$anonfun$recoverWith$1.apply(Future.scala:408) [scala-library-2.10.2.jar:na]
	at scala.concurrent.impl.CallbackRunnable.run(Promise.scala:29) [scala-library-2.10.2.jar:na]
	at play.api.libs.iteratee.Execution$$anon$1.execute(Execution.scala:43) [play-iteratees_2.10-2.2.0.jar:2.2.0]
	at scala.concurrent.impl.CallbackRunnable.executeWithValue(Promise.scala:37) [scala-library-2.10.2.jar:na]
	at scala.concurrent.impl.Promise$DefaultPromise.tryComplete(Promise.scala:133) [scala-library-2.10.2.jar:na]
	at scala.concurrent.Promise$class.complete(Promise.scala:55) [scala-library-2.10.2.jar:na]
	at scala.concurrent.impl.Promise$DefaultPromise.complete(Promise.scala:58) [scala-library-2.10.2.jar:na]
	at scala.concurrent.Future$$anonfun$map$1.apply(Future.scala:254) [scala-library-2.10.2.jar:na]
	at scala.concurrent.Future$$anonfun$map$1.apply(Future.scala:249) [scala-library-2.10.2.jar:na]
	at scala.concurrent.impl.CallbackRunnable.run(Promise.scala:29) [scala-library-2.10.2.jar:na]
	at scala.concurrent.forkjoin.ForkJoinTask$AdaptedRunnableAction.exec(ForkJoinTask.java:1361) [scala-library-2.10.2.jar:na]
	at scala.concurrent.forkjoin.ForkJoinTask.doExec(ForkJoinTask.java:260) [scala-library-2.10.2.jar:na]
	at scala.concurrent.forkjoin.ForkJoinPool$WorkQueue.runTask(ForkJoinPool.java:1339) [scala-library-2.10.2.jar:na]
	at scala.concurrent.forkjoin.ForkJoinPool.runWorker(ForkJoinPool.java:1979) [scala-library-2.10.2.jar:na]
	at scala.concurrent.forkjoin.ForkJoinWorkerThread.run(ForkJoinWorkerThread.java:107) [scala-library-2.10.2.jar:na]
Caused by: java.lang.IllegalStateException: No value
	at play.libs.F$None.get(F.java:703) ~[play_2.10-2.2.0.jar:2.2.0]
	at play.data.Form.get(Form.java:539) ~[play-java_2.10-2.2.0.jar:2.2.0]
	at controllers.Application.authenticate(Application.java:116) ~[classes/:na]
	at Routes$$anonfun$routes$1$$anonfun$applyOrElse$3$$anonfun$apply$3.apply(routes_routing.scala:149) ~[classes/:na]
	at Routes$$anonfun$routes$1$$anonfun$applyOrElse$3$$anonfun$apply$3.apply(routes_routing.scala:149) ~[classes/:na]
	at play.core.Router$HandlerInvoker$$anon$7$$anon$2.invocation(Router.scala:183) ~[play_2.10-2.2.0.jar:2.2.0]
	at play.core.Router$Routes$$anon$1.invocation(Router.scala:377) ~[play_2.10-2.2.0.jar:2.2.0]
	at play.core.j.JavaAction$$anon$1.call(JavaAction.scala:56) ~[play_2.10-2.2.0.jar:2.2.0]
	at play.core.j.JavaAction$$anon$3.apply(JavaAction.scala:91) ~[play_2.10-2.2.0.jar:2.2.0]
	at play.core.j.JavaAction$$anon$3.apply(JavaAction.scala:90) ~[play_2.10-2.2.0.jar:2.2.0]
	at play.core.j.FPromiseHelper$$anonfun$flatMap$1.apply(FPromiseHelper.scala:82) ~[play_2.10-2.2.0.jar:2.2.0]
	at play.core.j.FPromiseHelper$$anonfun$flatMap$1.apply(FPromiseHelper.scala:82) ~[play_2.10-2.2.0.jar:2.2.0]
	at scala.concurrent.Future$$anonfun$flatMap$1.apply(Future.scala:278) ~[scala-library-2.10.2.jar:na]
	at scala.concurrent.Future$$anonfun$flatMap$1.apply(Future.scala:274) ~[scala-library-2.10.2.jar:na]
	at scala.concurrent.impl.CallbackRunnable.run(Promise.scala:29) [scala-library-2.10.2.jar:na]
	at play.core.j.HttpExecutionContext$$anon$2.run(HttpExecutionContext.scala:37) ~[play_2.10-2.2.0.jar:2.2.0]
	at akka.dispatch.TaskInvocation.run(AbstractDispatcher.scala:42) ~[akka-actor_2.10.jar:2.2.0]
	at akka.dispatch.ForkJoinExecutorConfigurator$AkkaForkJoinTask.exec(AbstractDispatcher.scala:386) ~[akka-actor_2.10.jar:2.2.0]
	... 4 common frames omitted

2014-11-16 23:44:50,802 - [ERROR] - from play in play-internal-execution-context-3 
Cannot invoke the action, eventually got an error: java.lang.NullPointerException

2014-11-16 23:44:50,804 - [ERROR] - from application in play-internal-execution-context-3 


! @6k8ane4oj - Internal server error, for (POST) [/estimator/1] ->

play.api.Application$$anon$1: Execution exception[[NullPointerException: null]]
	at play.api.Application$class.handleError(Application.scala:293) ~[play_2.10-2.2.0.jar:2.2.0]
	at play.api.DefaultApplication.handleError(Application.scala:399) [play_2.10-2.2.0.jar:2.2.0]
	at play.core.server.netty.PlayDefaultUpstreamHandler$$anonfun$2$$anonfun$applyOrElse$3.apply(PlayDefaultUpstreamHandler.scala:261) [play_2.10-2.2.0.jar:2.2.0]
	at play.core.server.netty.PlayDefaultUpstreamHandler$$anonfun$2$$anonfun$applyOrElse$3.apply(PlayDefaultUpstreamHandler.scala:261) [play_2.10-2.2.0.jar:2.2.0]
	at scala.Option.map(Option.scala:145) [scala-library-2.10.2.jar:na]
	at play.core.server.netty.PlayDefaultUpstreamHandler$$anonfun$2.applyOrElse(PlayDefaultUpstreamHandler.scala:261) [play_2.10-2.2.0.jar:2.2.0]
	at play.core.server.netty.PlayDefaultUpstreamHandler$$anonfun$2.applyOrElse(PlayDefaultUpstreamHandler.scala:257) [play_2.10-2.2.0.jar:2.2.0]
	at scala.runtime.AbstractPartialFunction.apply(AbstractPartialFunction.scala:33) [scala-library-2.10.2.jar:na]
	at scala.concurrent.Future$$anonfun$recoverWith$1.apply(Future.scala:411) [scala-library-2.10.2.jar:na]
	at scala.concurrent.Future$$anonfun$recoverWith$1.apply(Future.scala:408) [scala-library-2.10.2.jar:na]
	at scala.concurrent.impl.CallbackRunnable.run(Promise.scala:29) [scala-library-2.10.2.jar:na]
	at play.api.libs.iteratee.Execution$$anon$1.execute(Execution.scala:43) [play-iteratees_2.10-2.2.0.jar:2.2.0]
	at scala.concurrent.impl.CallbackRunnable.executeWithValue(Promise.scala:37) [scala-library-2.10.2.jar:na]
	at scala.concurrent.impl.Promise$DefaultPromise.tryComplete(Promise.scala:133) [scala-library-2.10.2.jar:na]
	at scala.concurrent.Promise$class.complete(Promise.scala:55) [scala-library-2.10.2.jar:na]
	at scala.concurrent.impl.Promise$DefaultPromise.complete(Promise.scala:58) [scala-library-2.10.2.jar:na]
	at scala.concurrent.Future$$anonfun$flatMap$1.apply(Future.scala:274) [scala-library-2.10.2.jar:na]
	at scala.concurrent.Future$$anonfun$flatMap$1.apply(Future.scala:274) [scala-library-2.10.2.jar:na]
	at scala.concurrent.impl.CallbackRunnable.run(Promise.scala:29) [scala-library-2.10.2.jar:na]
	at scala.concurrent.forkjoin.ForkJoinTask$AdaptedRunnableAction.exec(ForkJoinTask.java:1361) [scala-library-2.10.2.jar:na]
	at scala.concurrent.forkjoin.ForkJoinTask.doExec(ForkJoinTask.java:260) [scala-library-2.10.2.jar:na]
	at scala.concurrent.forkjoin.ForkJoinPool$WorkQueue.runTask(ForkJoinPool.java:1339) [scala-library-2.10.2.jar:na]
	at scala.concurrent.forkjoin.ForkJoinPool.runWorker(ForkJoinPool.java:1979) [scala-library-2.10.2.jar:na]
	at scala.concurrent.forkjoin.ForkJoinWorkerThread.run(ForkJoinWorkerThread.java:107) [scala-library-2.10.2.jar:na]
Caused by: java.lang.NullPointerException: null
	at models.AWSClient.connect(AWSClient.java:33) ~[classes/:na]
	at models.AWSClient.upload(AWSClient.java:39) ~[classes/:na]
	at controllers.Application.estimate1(Application.java:50) ~[classes/:na]
	at Routes$$anonfun$routes$1$$anonfun$applyOrElse$9$$anonfun$apply$9.apply(routes_routing.scala:197) ~[classes/:na]
	at Routes$$anonfun$routes$1$$anonfun$applyOrElse$9$$anonfun$apply$9.apply(routes_routing.scala:197) ~[classes/:na]
	at play.core.Router$HandlerInvoker$$anon$7$$anon$2.invocation(Router.scala:183) ~[play_2.10-2.2.0.jar:2.2.0]
	at play.core.Router$Routes$$anon$1.invocation(Router.scala:377) ~[play_2.10-2.2.0.jar:2.2.0]
	at play.core.j.JavaAction$$anon$1.call(JavaAction.scala:56) ~[play_2.10-2.2.0.jar:2.2.0]
	at play.core.j.JavaAction$$anon$3.apply(JavaAction.scala:91) ~[play_2.10-2.2.0.jar:2.2.0]
	at play.core.j.JavaAction$$anon$3.apply(JavaAction.scala:90) ~[play_2.10-2.2.0.jar:2.2.0]
	at play.core.j.FPromiseHelper$$anonfun$flatMap$1.apply(FPromiseHelper.scala:82) ~[play_2.10-2.2.0.jar:2.2.0]
	at play.core.j.FPromiseHelper$$anonfun$flatMap$1.apply(FPromiseHelper.scala:82) ~[play_2.10-2.2.0.jar:2.2.0]
	at scala.concurrent.Future$$anonfun$flatMap$1.apply(Future.scala:278) [scala-library-2.10.2.jar:na]
	at scala.concurrent.Future$$anonfun$flatMap$1.apply(Future.scala:274) [scala-library-2.10.2.jar:na]
	at scala.concurrent.impl.CallbackRunnable.run(Promise.scala:29) [scala-library-2.10.2.jar:na]
	at play.core.j.HttpExecutionContext$$anon$2.run(HttpExecutionContext.scala:37) ~[play_2.10-2.2.0.jar:2.2.0]
	at akka.dispatch.TaskInvocation.run(AbstractDispatcher.scala:42) ~[akka-actor_2.10.jar:2.2.0]
	at akka.dispatch.ForkJoinExecutorConfigurator$AkkaForkJoinTask.exec(AbstractDispatcher.scala:386) ~[akka-actor_2.10.jar:2.2.0]
	... 4 common frames omitted

2014-11-16 23:52:44,980 - [INFO] - from play in main 
datasource [jdbc:h2:file:data/db;DB_CLOSE_DELAY=-1] bound to JNDI as DefaultDS

2014-11-16 23:52:45,334 - [INFO] - from play in main 
database [default] connected at jdbc:h2:file:data/db

2014-11-16 23:52:46,323 - [INFO] - from play in main 
Application started (Prod)

2014-11-16 23:52:46,446 - [INFO] - from play in main 
Listening for HTTP on /0:0:0:0:0:0:0:0:9006

2014-11-16 23:53:15,716 - [ERROR] - from play in play-internal-execution-context-3 
Cannot invoke the action, eventually got an error: java.lang.NullPointerException

2014-11-16 23:53:15,726 - [ERROR] - from application in play-internal-execution-context-3 


! @6k8aognmf - Internal server error, for (POST) [/estimator/1] ->

play.api.Application$$anon$1: Execution exception[[NullPointerException: null]]
	at play.api.Application$class.handleError(Application.scala:293) ~[play_2.10-2.2.0.jar:2.2.0]
	at play.api.DefaultApplication.handleError(Application.scala:399) [play_2.10-2.2.0.jar:2.2.0]
	at play.core.server.netty.PlayDefaultUpstreamHandler$$anonfun$2$$anonfun$applyOrElse$3.apply(PlayDefaultUpstreamHandler.scala:261) [play_2.10-2.2.0.jar:2.2.0]
	at play.core.server.netty.PlayDefaultUpstreamHandler$$anonfun$2$$anonfun$applyOrElse$3.apply(PlayDefaultUpstreamHandler.scala:261) [play_2.10-2.2.0.jar:2.2.0]
	at scala.Option.map(Option.scala:145) [scala-library-2.10.2.jar:na]
	at play.core.server.netty.PlayDefaultUpstreamHandler$$anonfun$2.applyOrElse(PlayDefaultUpstreamHandler.scala:261) [play_2.10-2.2.0.jar:2.2.0]
	at play.core.server.netty.PlayDefaultUpstreamHandler$$anonfun$2.applyOrElse(PlayDefaultUpstreamHandler.scala:257) [play_2.10-2.2.0.jar:2.2.0]
	at scala.runtime.AbstractPartialFunction.apply(AbstractPartialFunction.scala:33) [scala-library-2.10.2.jar:na]
	at scala.concurrent.Future$$anonfun$recoverWith$1.apply(Future.scala:411) [scala-library-2.10.2.jar:na]
	at scala.concurrent.Future$$anonfun$recoverWith$1.apply(Future.scala:408) [scala-library-2.10.2.jar:na]
	at scala.concurrent.impl.CallbackRunnable.run(Promise.scala:29) [scala-library-2.10.2.jar:na]
	at play.api.libs.iteratee.Execution$$anon$1.execute(Execution.scala:43) [play-iteratees_2.10-2.2.0.jar:2.2.0]
	at scala.concurrent.impl.CallbackRunnable.executeWithValue(Promise.scala:37) [scala-library-2.10.2.jar:na]
	at scala.concurrent.impl.Promise$DefaultPromise.tryComplete(Promise.scala:133) [scala-library-2.10.2.jar:na]
	at scala.concurrent.Promise$class.complete(Promise.scala:55) [scala-library-2.10.2.jar:na]
	at scala.concurrent.impl.Promise$DefaultPromise.complete(Promise.scala:58) [scala-library-2.10.2.jar:na]
	at scala.concurrent.Future$$anonfun$flatMap$1.apply(Future.scala:274) [scala-library-2.10.2.jar:na]
	at scala.concurrent.Future$$anonfun$flatMap$1.apply(Future.scala:274) [scala-library-2.10.2.jar:na]
	at scala.concurrent.impl.CallbackRunnable.run(Promise.scala:29) [scala-library-2.10.2.jar:na]
	at scala.concurrent.forkjoin.ForkJoinTask$AdaptedRunnableAction.exec(ForkJoinTask.java:1361) [scala-library-2.10.2.jar:na]
	at scala.concurrent.forkjoin.ForkJoinTask.doExec(ForkJoinTask.java:260) [scala-library-2.10.2.jar:na]
	at scala.concurrent.forkjoin.ForkJoinPool$WorkQueue.runTask(ForkJoinPool.java:1339) [scala-library-2.10.2.jar:na]
	at scala.concurrent.forkjoin.ForkJoinPool.runWorker(ForkJoinPool.java:1979) [scala-library-2.10.2.jar:na]
	at scala.concurrent.forkjoin.ForkJoinWorkerThread.run(ForkJoinWorkerThread.java:107) [scala-library-2.10.2.jar:na]
Caused by: java.lang.NullPointerException: null
	at models.AWSClient.connect(AWSClient.java:33) ~[classes/:na]
	at models.AWSClient.upload(AWSClient.java:39) ~[classes/:na]
	at controllers.Application.estimate1(Application.java:56) ~[classes/:na]
	at Routes$$anonfun$routes$1$$anonfun$applyOrElse$9$$anonfun$apply$9.apply(routes_routing.scala:197) ~[classes/:na]
	at Routes$$anonfun$routes$1$$anonfun$applyOrElse$9$$anonfun$apply$9.apply(routes_routing.scala:197) ~[classes/:na]
	at play.core.Router$HandlerInvoker$$anon$7$$anon$2.invocation(Router.scala:183) ~[play_2.10-2.2.0.jar:2.2.0]
	at play.core.Router$Routes$$anon$1.invocation(Router.scala:377) ~[play_2.10-2.2.0.jar:2.2.0]
	at play.core.j.JavaAction$$anon$1.call(JavaAction.scala:56) ~[play_2.10-2.2.0.jar:2.2.0]
	at play.core.j.JavaAction$$anon$3.apply(JavaAction.scala:91) ~[play_2.10-2.2.0.jar:2.2.0]
	at play.core.j.JavaAction$$anon$3.apply(JavaAction.scala:90) ~[play_2.10-2.2.0.jar:2.2.0]
	at play.core.j.FPromiseHelper$$anonfun$flatMap$1.apply(FPromiseHelper.scala:82) ~[play_2.10-2.2.0.jar:2.2.0]
	at play.core.j.FPromiseHelper$$anonfun$flatMap$1.apply(FPromiseHelper.scala:82) ~[play_2.10-2.2.0.jar:2.2.0]
	at scala.concurrent.Future$$anonfun$flatMap$1.apply(Future.scala:278) [scala-library-2.10.2.jar:na]
	at scala.concurrent.Future$$anonfun$flatMap$1.apply(Future.scala:274) [scala-library-2.10.2.jar:na]
	at scala.concurrent.impl.CallbackRunnable.run(Promise.scala:29) [scala-library-2.10.2.jar:na]
	at play.core.j.HttpExecutionContext$$anon$2.run(HttpExecutionContext.scala:37) ~[play_2.10-2.2.0.jar:2.2.0]
	at akka.dispatch.TaskInvocation.run(AbstractDispatcher.scala:42) ~[akka-actor_2.10.jar:2.2.0]
	at akka.dispatch.ForkJoinExecutorConfigurator$AkkaForkJoinTask.exec(AbstractDispatcher.scala:386) ~[akka-actor_2.10.jar:2.2.0]
	... 4 common frames omitted

